<?xml version="1.0" encoding="UTF-8"?>
<!-- Generated by org.testng.reporters.JUnitReportReporter -->
<testsuite hostname="LAPTOP-FK8A6DEI" failures="0" tests="1" name="TestCases.LoginPageTest" time="3.080" errors="0" timestamp="2023-03-06T18:17:18 IST" skipped="0">
  <testcase classname="TestCases.LoginPageTest" name="Login" time="3.080"/>
  <system-out/>
</testsuite> <!-- TestCases.LoginPageTest -->
