<?xml version="1.0" encoding="UTF-8"?>
<!-- Generated by org.testng.reporters.JUnitReportReporter -->
<testsuite hostname="LAPTOP-FK8A6DEI" failures="0" tests="1" name="TestCases.EcommerceTest" time="68.696" errors="0" timestamp="2023-03-01T16:07:11 IST" skipped="0">
  <testcase classname="TestCases.EcommerceTest" name="Ecommercepage" time="68.696"/>
  <system-out/>
</testsuite> <!-- TestCases.EcommerceTest -->
