<?xml version="1.0" encoding="UTF-8"?>
<!-- Generated by org.testng.reporters.JUnitReportReporter -->
<testsuite hostname="LAPTOP-FK8A6DEI" failures="0" tests="1" name="TestCases.SelfieAlbumTest" time="83.641" errors="0" timestamp="2023-03-06T18:17:18 IST" skipped="0">
  <testcase classname="TestCases.SelfieAlbumTest" name="Selfie" time="83.641"/>
  <system-out/>
</testsuite> <!-- TestCases.SelfieAlbumTest -->
