<?xml version="1.0" encoding="UTF-8"?>
<!-- Generated by org.testng.reporters.JUnitReportReporter -->
<testsuite hostname="LAPTOP-FK8A6DEI" failures="0" tests="1" name="TestCases.Photo_Frame_Test" time="67.386" errors="0" timestamp="2023-02-25T19:01:01 IST" skipped="0">
  <testcase classname="TestCases.Photo_Frame_Test" name="Photo_Frame" time="67.386"/>
  <system-out/>
</testsuite> <!-- TestCases.Photo_Frame_Test -->
