<?xml version="1.0" encoding="UTF-8"?>
<!-- Generated by org.testng.reporters.JUnitReportReporter -->
<testsuite hostname="LAPTOP-FK8A6DEI" failures="0" tests="1" name="TestCases.PassportSizeTest" time="61.261" errors="0" timestamp="2023-03-06T18:17:18 IST" skipped="0">
  <testcase classname="TestCases.PassportSizeTest" name="Passport_Size_Module" time="61.261"/>
  <system-out/>
</testsuite> <!-- TestCases.PassportSizeTest -->
