<?xml version="1.0" encoding="UTF-8"?>
<!-- Generated by org.testng.reporters.JUnitReportReporter -->
<testsuite hostname="LAPTOP-FK8A6DEI" failures="0" tests="1" name="TestCases.Passport_Size_Test" time="37.117" errors="0" timestamp="2023-02-25T19:01:01 IST" skipped="0">
  <testcase classname="TestCases.Passport_Size_Test" name="Passport_Size_Module" time="37.117"/>
  <system-out/>
</testsuite> <!-- TestCases.Passport_Size_Test -->
